Build output check failed:
    Regex: 'command line option .* is valid for .* but not for C\+\+'
    Output line: 'cc1plus: warning: command line option ‘-Wmissing-prototypes’ is valid for C/ObjC but not for C++'
Compilation failed:
    source file: '/home/shiven/3rdparty/opencv-4.2.0/build/CMakeFiles/CMakeTmp/src.cxx'
    check option: ' -fsigned-char -W -Wall -Werror=return-type -Werror=non-virtual-dtor -Werror=address -Werror=sequence-point -Wformat -Werror=format-security -Wmissing-declarations  -Wmissing-prototypes'
===== BUILD LOG =====
Change Dir: /home/shiven/3rdparty/opencv-4.2.0/build/CMakeFiles/CMakeTmp

Run Build Command(s):/usr/bin/make cmTC_b7eaf/fast && /usr/bin/make -f CMakeFiles/cmTC_b7eaf.dir/build.make CMakeFiles/cmTC_b7eaf.dir/build
make[1]: Entering directory '/home/shiven/3rdparty/opencv-4.2.0/build/CMakeFiles/CMakeTmp'
Building CXX object CMakeFiles/cmTC_b7eaf.dir/src.cxx.o
/usr/bin/c++    -O3 -DNDEBUG -fPIE    -fsigned-char -W -Wall -Werror=return-type -Werror=non-virtual-dtor -Werror=address -Werror=sequence-point -Wformat -Werror=format-security -Wmissing-declarations  -Wmissing-prototypes -std=c++11 -o CMakeFiles/cmTC_b7eaf.dir/src.cxx.o -c /home/shiven/3rdparty/opencv-4.2.0/build/CMakeFiles/CMakeTmp/src.cxx
cc1plus: warning: command line option ‘-Wmissing-prototypes’ is valid for C/ObjC but not for C++
/home/shiven/3rdparty/opencv-4.2.0/build/CMakeFiles/CMakeTmp/src.cxx:1: warning: ignoring #pragma   [-Wunknown-pragmas]
    1 | #pragma
      | 
Linking CXX executable cmTC_b7eaf
/usr/bin/cmake -E cmake_link_script CMakeFiles/cmTC_b7eaf.dir/link.txt --verbose=1
/usr/bin/c++    -O3 -DNDEBUG    CMakeFiles/cmTC_b7eaf.dir/src.cxx.o  -o cmTC_b7eaf 
make[1]: Leaving directory '/home/shiven/3rdparty/opencv-4.2.0/build/CMakeFiles/CMakeTmp'


===== END =====

Build output check failed:
    Regex: 'command line option .* is valid for .* but not for C\+\+'
    Output line: 'cc1plus: warning: command line option ‘-Wstrict-prototypes’ is valid for C/ObjC but not for C++'
Compilation failed:
    source file: '/home/shiven/3rdparty/opencv-4.2.0/build/CMakeFiles/CMakeTmp/src.cxx'
    check option: ' -fsigned-char -W -Wall -Werror=return-type -Werror=non-virtual-dtor -Werror=address -Werror=sequence-point -Wformat -Werror=format-security -Wmissing-declarations  -Wstrict-prototypes'
===== BUILD LOG =====
Change Dir: /home/shiven/3rdparty/opencv-4.2.0/build/CMakeFiles/CMakeTmp

Run Build Command(s):/usr/bin/make cmTC_61032/fast && /usr/bin/make -f CMakeFiles/cmTC_61032.dir/build.make CMakeFiles/cmTC_61032.dir/build
make[1]: Entering directory '/home/shiven/3rdparty/opencv-4.2.0/build/CMakeFiles/CMakeTmp'
Building CXX object CMakeFiles/cmTC_61032.dir/src.cxx.o
/usr/bin/c++    -O3 -DNDEBUG -fPIE    -fsigned-char -W -Wall -Werror=return-type -Werror=non-virtual-dtor -Werror=address -Werror=sequence-point -Wformat -Werror=format-security -Wmissing-declarations  -Wstrict-prototypes -std=c++11 -o CMakeFiles/cmTC_61032.dir/src.cxx.o -c /home/shiven/3rdparty/opencv-4.2.0/build/CMakeFiles/CMakeTmp/src.cxx
cc1plus: warning: command line option ‘-Wstrict-prototypes’ is valid for C/ObjC but not for C++
/home/shiven/3rdparty/opencv-4.2.0/build/CMakeFiles/CMakeTmp/src.cxx:1: warning: ignoring #pragma   [-Wunknown-pragmas]
    1 | #pragma
      | 
Linking CXX executable cmTC_61032
/usr/bin/cmake -E cmake_link_script CMakeFiles/cmTC_61032.dir/link.txt --verbose=1
/usr/bin/c++    -O3 -DNDEBUG    CMakeFiles/cmTC_61032.dir/src.cxx.o  -o cmTC_61032 
make[1]: Leaving directory '/home/shiven/3rdparty/opencv-4.2.0/build/CMakeFiles/CMakeTmp'


===== END =====

Build output check failed:
    Regex: 'command line option .* is valid for .* but not for C'
    Output line: 'cc1: warning: command line option ‘-Wsign-promo’ is valid for C++/ObjC++ but not for C'
Compilation failed:
    source file: '/home/shiven/3rdparty/opencv-4.2.0/build/CMakeFiles/CMakeTmp/src.c'
    check option: ' -fsigned-char -W -Wall -Werror=return-type -Werror=non-virtual-dtor -Werror=address -Werror=sequence-point -Wformat -Werror=format-security -Wmissing-declarations -Wmissing-prototypes -Wstrict-prototypes -Wundef -Winit-self -Wpointer-arith -Wshadow  -Wsign-promo'
===== BUILD LOG =====
Change Dir: /home/shiven/3rdparty/opencv-4.2.0/build/CMakeFiles/CMakeTmp

Run Build Command(s):/usr/bin/make cmTC_e7cd2/fast && /usr/bin/make -f CMakeFiles/cmTC_e7cd2.dir/build.make CMakeFiles/cmTC_e7cd2.dir/build
make[1]: Entering directory '/home/shiven/3rdparty/opencv-4.2.0/build/CMakeFiles/CMakeTmp'
Building C object CMakeFiles/cmTC_e7cd2.dir/src.c.o
/usr/bin/cc   -O3 -DNDEBUG -fPIE    -fsigned-char -W -Wall -Werror=return-type -Werror=non-virtual-dtor -Werror=address -Werror=sequence-point -Wformat -Werror=format-security -Wmissing-declarations -Wmissing-prototypes -Wstrict-prototypes -Wundef -Winit-self -Wpointer-arith -Wshadow  -Wsign-promo -o CMakeFiles/cmTC_e7cd2.dir/src.c.o   -c /home/shiven/3rdparty/opencv-4.2.0/build/CMakeFiles/CMakeTmp/src.c
cc1: warning: ‘-Werror=’ argument ‘-Werror=non-virtual-dtor’ is not valid for C
cc1: warning: command line option ‘-Wsign-promo’ is valid for C++/ObjC++ but not for C
/home/shiven/3rdparty/opencv-4.2.0/build/CMakeFiles/CMakeTmp/src.c:1: warning: ignoring #pragma   [-Wunknown-pragmas]
    1 | #pragma
      | 
Linking C executable cmTC_e7cd2
/usr/bin/cmake -E cmake_link_script CMakeFiles/cmTC_e7cd2.dir/link.txt --verbose=1
/usr/bin/cc   -O3 -DNDEBUG    CMakeFiles/cmTC_e7cd2.dir/src.c.o  -o cmTC_e7cd2 
make[1]: Leaving directory '/home/shiven/3rdparty/opencv-4.2.0/build/CMakeFiles/CMakeTmp'


===== END =====

Build output check failed:
    Regex: 'command line option .* is valid for .* but not for C'
    Output line: 'cc1: warning: command line option ‘-Wsuggest-override’ is valid for C++/ObjC++ but not for C'
Compilation failed:
    source file: '/home/shiven/3rdparty/opencv-4.2.0/build/CMakeFiles/CMakeTmp/src.c'
    check option: ' -fsigned-char -W -Wall -Werror=return-type -Werror=non-virtual-dtor -Werror=address -Werror=sequence-point -Wformat -Werror=format-security -Wmissing-declarations -Wmissing-prototypes -Wstrict-prototypes -Wundef -Winit-self -Wpointer-arith -Wshadow -Wuninitialized -Winit-self  -Wsuggest-override'
===== BUILD LOG =====
Change Dir: /home/shiven/3rdparty/opencv-4.2.0/build/CMakeFiles/CMakeTmp

Run Build Command(s):/usr/bin/make cmTC_bba69/fast && /usr/bin/make -f CMakeFiles/cmTC_bba69.dir/build.make CMakeFiles/cmTC_bba69.dir/build
make[1]: Entering directory '/home/shiven/3rdparty/opencv-4.2.0/build/CMakeFiles/CMakeTmp'
Building C object CMakeFiles/cmTC_bba69.dir/src.c.o
/usr/bin/cc   -O3 -DNDEBUG -fPIE    -fsigned-char -W -Wall -Werror=return-type -Werror=non-virtual-dtor -Werror=address -Werror=sequence-point -Wformat -Werror=format-security -Wmissing-declarations -Wmissing-prototypes -Wstrict-prototypes -Wundef -Winit-self -Wpointer-arith -Wshadow -Wuninitialized -Winit-self  -Wsuggest-override -o CMakeFiles/cmTC_bba69.dir/src.c.o   -c /home/shiven/3rdparty/opencv-4.2.0/build/CMakeFiles/CMakeTmp/src.c
cc1: warning: ‘-Werror=’ argument ‘-Werror=non-virtual-dtor’ is not valid for C
cc1: warning: command line option ‘-Wsuggest-override’ is valid for C++/ObjC++ but not for C
/home/shiven/3rdparty/opencv-4.2.0/build/CMakeFiles/CMakeTmp/src.c:1: warning: ignoring #pragma   [-Wunknown-pragmas]
    1 | #pragma
      | 
Linking C executable cmTC_bba69
/usr/bin/cmake -E cmake_link_script CMakeFiles/cmTC_bba69.dir/link.txt --verbose=1
/usr/bin/cc   -O3 -DNDEBUG    CMakeFiles/cmTC_bba69.dir/src.c.o  -o cmTC_bba69 
make[1]: Leaving directory '/home/shiven/3rdparty/opencv-4.2.0/build/CMakeFiles/CMakeTmp'


===== END =====

Build output check failed:
    Regex: 'command line option .* is valid for .* but not for C'
    Output line: 'cc1: warning: command line option ‘-Wno-delete-non-virtual-dtor’ is valid for C++/ObjC++ but not for C'
Compilation failed:
    source file: '/home/shiven/3rdparty/opencv-4.2.0/build/CMakeFiles/CMakeTmp/src.c'
    check option: ' -fsigned-char -W -Wall -Werror=return-type -Werror=non-virtual-dtor -Werror=address -Werror=sequence-point -Wformat -Werror=format-security -Wmissing-declarations -Wmissing-prototypes -Wstrict-prototypes -Wundef -Winit-self -Wpointer-arith -Wshadow -Wuninitialized -Winit-self  -Wno-delete-non-virtual-dtor'
===== BUILD LOG =====
Change Dir: /home/shiven/3rdparty/opencv-4.2.0/build/CMakeFiles/CMakeTmp

Run Build Command(s):/usr/bin/make cmTC_9954f/fast && /usr/bin/make -f CMakeFiles/cmTC_9954f.dir/build.make CMakeFiles/cmTC_9954f.dir/build
make[1]: Entering directory '/home/shiven/3rdparty/opencv-4.2.0/build/CMakeFiles/CMakeTmp'
Building C object CMakeFiles/cmTC_9954f.dir/src.c.o
/usr/bin/cc   -O3 -DNDEBUG -fPIE    -fsigned-char -W -Wall -Werror=return-type -Werror=non-virtual-dtor -Werror=address -Werror=sequence-point -Wformat -Werror=format-security -Wmissing-declarations -Wmissing-prototypes -Wstrict-prototypes -Wundef -Winit-self -Wpointer-arith -Wshadow -Wuninitialized -Winit-self  -Wno-delete-non-virtual-dtor -o CMakeFiles/cmTC_9954f.dir/src.c.o   -c /home/shiven/3rdparty/opencv-4.2.0/build/CMakeFiles/CMakeTmp/src.c
cc1: warning: ‘-Werror=’ argument ‘-Werror=non-virtual-dtor’ is not valid for C
cc1: warning: command line option ‘-Wno-delete-non-virtual-dtor’ is valid for C++/ObjC++ but not for C
/home/shiven/3rdparty/opencv-4.2.0/build/CMakeFiles/CMakeTmp/src.c:1: warning: ignoring #pragma   [-Wunknown-pragmas]
    1 | #pragma
      | 
Linking C executable cmTC_9954f
/usr/bin/cmake -E cmake_link_script CMakeFiles/cmTC_9954f.dir/link.txt --verbose=1
/usr/bin/cc   -O3 -DNDEBUG    CMakeFiles/cmTC_9954f.dir/src.c.o  -o cmTC_9954f 
make[1]: Leaving directory '/home/shiven/3rdparty/opencv-4.2.0/build/CMakeFiles/CMakeTmp'


===== END =====

Build output check failed:
    Regex: 'unrecognized .*option'
    Output line: 'cc1plus: warning: unrecognized command line option ‘-Wno-unnamed-type-template-args’'
Compilation failed:
    source file: '/home/shiven/3rdparty/opencv-4.2.0/build/CMakeFiles/CMakeTmp/src.cxx'
    check option: ' -fsigned-char -W -Wall -Werror=return-type -Werror=non-virtual-dtor -Werror=address -Werror=sequence-point -Wformat -Werror=format-security -Wmissing-declarations -Wundef -Winit-self -Wpointer-arith -Wshadow -Wsign-promo -Wuninitialized -Winit-self -Wsuggest-override -Wno-delete-non-virtual-dtor  -Wno-unnamed-type-template-args'
===== BUILD LOG =====
Change Dir: /home/shiven/3rdparty/opencv-4.2.0/build/CMakeFiles/CMakeTmp

Run Build Command(s):/usr/bin/make cmTC_a0462/fast && /usr/bin/make -f CMakeFiles/cmTC_a0462.dir/build.make CMakeFiles/cmTC_a0462.dir/build
make[1]: Entering directory '/home/shiven/3rdparty/opencv-4.2.0/build/CMakeFiles/CMakeTmp'
Building CXX object CMakeFiles/cmTC_a0462.dir/src.cxx.o
/usr/bin/c++    -O3 -DNDEBUG -fPIE    -fsigned-char -W -Wall -Werror=return-type -Werror=non-virtual-dtor -Werror=address -Werror=sequence-point -Wformat -Werror=format-security -Wmissing-declarations -Wundef -Winit-self -Wpointer-arith -Wshadow -Wsign-promo -Wuninitialized -Winit-self -Wsuggest-override -Wno-delete-non-virtual-dtor  -Wno-unnamed-type-template-args -std=c++11 -o CMakeFiles/cmTC_a0462.dir/src.cxx.o -c /home/shiven/3rdparty/opencv-4.2.0/build/CMakeFiles/CMakeTmp/src.cxx
/home/shiven/3rdparty/opencv-4.2.0/build/CMakeFiles/CMakeTmp/src.cxx:1: warning: ignoring #pragma   [-Wunknown-pragmas]
    1 | #pragma
      | 
cc1plus: warning: unrecognized command line option ‘-Wno-unnamed-type-template-args’
Linking CXX executable cmTC_a0462
/usr/bin/cmake -E cmake_link_script CMakeFiles/cmTC_a0462.dir/link.txt --verbose=1
/usr/bin/c++    -O3 -DNDEBUG    CMakeFiles/cmTC_a0462.dir/src.cxx.o  -o cmTC_a0462 
make[1]: Leaving directory '/home/shiven/3rdparty/opencv-4.2.0/build/CMakeFiles/CMakeTmp'


===== END =====

Build output check failed:
    Regex: 'unrecognized .*option'
    Output line: 'cc1: warning: unrecognized command line option ‘-Wno-unnamed-type-template-args’'
Compilation failed:
    source file: '/home/shiven/3rdparty/opencv-4.2.0/build/CMakeFiles/CMakeTmp/src.c'
    check option: ' -fsigned-char -W -Wall -Werror=return-type -Werror=non-virtual-dtor -Werror=address -Werror=sequence-point -Wformat -Werror=format-security -Wmissing-declarations -Wmissing-prototypes -Wstrict-prototypes -Wundef -Winit-self -Wpointer-arith -Wshadow -Wuninitialized -Winit-self  -Wno-unnamed-type-template-args'
===== BUILD LOG =====
Change Dir: /home/shiven/3rdparty/opencv-4.2.0/build/CMakeFiles/CMakeTmp

Run Build Command(s):/usr/bin/make cmTC_9fde5/fast && /usr/bin/make -f CMakeFiles/cmTC_9fde5.dir/build.make CMakeFiles/cmTC_9fde5.dir/build
make[1]: Entering directory '/home/shiven/3rdparty/opencv-4.2.0/build/CMakeFiles/CMakeTmp'
Building C object CMakeFiles/cmTC_9fde5.dir/src.c.o
/usr/bin/cc   -O3 -DNDEBUG -fPIE    -fsigned-char -W -Wall -Werror=return-type -Werror=non-virtual-dtor -Werror=address -Werror=sequence-point -Wformat -Werror=format-security -Wmissing-declarations -Wmissing-prototypes -Wstrict-prototypes -Wundef -Winit-self -Wpointer-arith -Wshadow -Wuninitialized -Winit-self  -Wno-unnamed-type-template-args -o CMakeFiles/cmTC_9fde5.dir/src.c.o   -c /home/shiven/3rdparty/opencv-4.2.0/build/CMakeFiles/CMakeTmp/src.c
cc1: warning: ‘-Werror=’ argument ‘-Werror=non-virtual-dtor’ is not valid for C
/home/shiven/3rdparty/opencv-4.2.0/build/CMakeFiles/CMakeTmp/src.c:1: warning: ignoring #pragma   [-Wunknown-pragmas]
    1 | #pragma
      | 
cc1: warning: unrecognized command line option ‘-Wno-unnamed-type-template-args’
Linking C executable cmTC_9fde5
/usr/bin/cmake -E cmake_link_script CMakeFiles/cmTC_9fde5.dir/link.txt --verbose=1
/usr/bin/cc   -O3 -DNDEBUG    CMakeFiles/cmTC_9fde5.dir/src.c.o  -o cmTC_9fde5 
make[1]: Leaving directory '/home/shiven/3rdparty/opencv-4.2.0/build/CMakeFiles/CMakeTmp'


===== END =====

Build output check failed:
    Regex: 'command line option .* is valid for .* but not for C'
    Output line: 'cc1: warning: command line option ‘-fvisibility-inlines-hidden’ is valid for C++/ObjC++ but not for C'
Compilation failed:
    source file: '/home/shiven/3rdparty/opencv-4.2.0/build/CMakeFiles/CMakeTmp/src.c'
    check option: ' -fsigned-char -W -Wall -Werror=return-type -Werror=non-virtual-dtor -Werror=address -Werror=sequence-point -Wformat -Werror=format-security -Wmissing-declarations -Wmissing-prototypes -Wstrict-prototypes -Wundef -Winit-self -Wpointer-arith -Wshadow -Wuninitialized -Winit-self -Wno-comment -Wimplicit-fallthrough=3 -Wno-strict-overflow -fdiagnostics-show-option -Wno-long-long -pthread -fomit-frame-pointer -ffunction-sections -fdata-sections  -msse -msse2 -msse3 -fvisibility=hidden  -fvisibility-inlines-hidden'
===== BUILD LOG =====
Change Dir: /home/shiven/3rdparty/opencv-4.2.0/build/CMakeFiles/CMakeTmp

Run Build Command(s):/usr/bin/make cmTC_95e70/fast && /usr/bin/make -f CMakeFiles/cmTC_95e70.dir/build.make CMakeFiles/cmTC_95e70.dir/build
make[1]: Entering directory '/home/shiven/3rdparty/opencv-4.2.0/build/CMakeFiles/CMakeTmp'
Building C object CMakeFiles/cmTC_95e70.dir/src.c.o
/usr/bin/cc   -O3 -DNDEBUG -fPIE    -fsigned-char -W -Wall -Werror=return-type -Werror=non-virtual-dtor -Werror=address -Werror=sequence-point -Wformat -Werror=format-security -Wmissing-declarations -Wmissing-prototypes -Wstrict-prototypes -Wundef -Winit-self -Wpointer-arith -Wshadow -Wuninitialized -Winit-self -Wno-comment -Wimplicit-fallthrough=3 -Wno-strict-overflow -fdiagnostics-show-option -Wno-long-long -pthread -fomit-frame-pointer -ffunction-sections -fdata-sections  -msse -msse2 -msse3 -fvisibility=hidden  -fvisibility-inlines-hidden -o CMakeFiles/cmTC_95e70.dir/src.c.o   -c /home/shiven/3rdparty/opencv-4.2.0/build/CMakeFiles/CMakeTmp/src.c
cc1: warning: ‘-Werror=’ argument ‘-Werror=non-virtual-dtor’ is not valid for C
cc1: warning: command line option ‘-fvisibility-inlines-hidden’ is valid for C++/ObjC++ but not for C
/home/shiven/3rdparty/opencv-4.2.0/build/CMakeFiles/CMakeTmp/src.c:1: warning: ignoring #pragma   [-Wunknown-pragmas]
    1 | #pragma
      | 
Linking C executable cmTC_95e70
/usr/bin/cmake -E cmake_link_script CMakeFiles/cmTC_95e70.dir/link.txt --verbose=1
/usr/bin/cc   -O3 -DNDEBUG    CMakeFiles/cmTC_95e70.dir/src.c.o  -o cmTC_95e70 
make[1]: Leaving directory '/home/shiven/3rdparty/opencv-4.2.0/build/CMakeFiles/CMakeTmp'


===== END =====

Build output check failed:
    Regex: 'unrecognized .*option'
    Output line: 'cc1plus: warning: unrecognized command line option ‘-Wno-inconsistent-missing-override’'
Compilation failed:
    source file: '/home/shiven/3rdparty/opencv-4.2.0/build/CMakeFiles/CMakeTmp/src.cxx'
    check option: ' -Wno-inconsistent-missing-override'
===== BUILD LOG =====
Change Dir: /home/shiven/3rdparty/opencv-4.2.0/build/CMakeFiles/CMakeTmp

Run Build Command(s):/usr/bin/make cmTC_8285f/fast && /usr/bin/make -f CMakeFiles/cmTC_8285f.dir/build.make CMakeFiles/cmTC_8285f.dir/build
make[1]: Entering directory '/home/shiven/3rdparty/opencv-4.2.0/build/CMakeFiles/CMakeTmp'
Building CXX object CMakeFiles/cmTC_8285f.dir/src.cxx.o
/usr/bin/c++    -fsigned-char -W -Wall -Werror=return-type -Werror=non-virtual-dtor -Werror=address -Werror=sequence-point -Wformat -Werror=format-security -Winit-self -Wpointer-arith -Wsign-promo -Winit-self -Wno-delete-non-virtual-dtor -Wno-comment -Wimplicit-fallthrough=3 -Wno-strict-overflow -fdiagnostics-show-option -Wno-long-long -pthread -fomit-frame-pointer -ffunction-sections -fdata-sections  -msse -msse2 -msse3 -fvisibility=hidden -fvisibility-inlines-hidden -Wno-shadow -Wno-unused -Wno-sign-compare -Wno-undef -Wno-missing-declarations -Wno-uninitialized -Wno-switch -Wno-parentheses -Wno-array-bounds -Wno-extra -Wno-deprecated-declarations -Wno-misleading-indentation -Wno-deprecated -Wno-suggest-override  -O3 -DNDEBUG -fPIE    -Wno-inconsistent-missing-override -std=c++11 -o CMakeFiles/cmTC_8285f.dir/src.cxx.o -c /home/shiven/3rdparty/opencv-4.2.0/build/CMakeFiles/CMakeTmp/src.cxx
/home/shiven/3rdparty/opencv-4.2.0/build/CMakeFiles/CMakeTmp/src.cxx:1: warning: ignoring #pragma   [-Wunknown-pragmas]
    1 | #pragma
      | 
cc1plus: warning: unrecognized command line option ‘-Wno-inconsistent-missing-override’
Linking CXX executable cmTC_8285f
/usr/bin/cmake -E cmake_link_script CMakeFiles/cmTC_8285f.dir/link.txt --verbose=1
/usr/bin/c++     -fsigned-char -W -Wall -Werror=return-type -Werror=non-virtual-dtor -Werror=address -Werror=sequence-point -Wformat -Werror=format-security -Winit-self -Wpointer-arith -Wsign-promo -Winit-self -Wno-delete-non-virtual-dtor -Wno-comment -Wimplicit-fallthrough=3 -Wno-strict-overflow -fdiagnostics-show-option -Wno-long-long -pthread -fomit-frame-pointer -ffunction-sections -fdata-sections  -msse -msse2 -msse3 -fvisibility=hidden -fvisibility-inlines-hidden -Wno-shadow -Wno-unused -Wno-sign-compare -Wno-undef -Wno-missing-declarations -Wno-uninitialized -Wno-switch -Wno-parentheses -Wno-array-bounds -Wno-extra -Wno-deprecated-declarations -Wno-misleading-indentation -Wno-deprecated -Wno-suggest-override  -O3 -DNDEBUG    -Wl,--gc-sections  CMakeFiles/cmTC_8285f.dir/src.cxx.o  -o cmTC_8285f 
make[1]: Leaving directory '/home/shiven/3rdparty/opencv-4.2.0/build/CMakeFiles/CMakeTmp'


===== END =====

Build output check failed:
    Regex: 'command line option .* is valid for .* but not for C\+\+'
    Output line: 'cc1plus: warning: command line option ‘-Wno-missing-prototypes’ is valid for C/ObjC but not for C++'
Compilation failed:
    source file: '/home/shiven/3rdparty/opencv-4.2.0/build/CMakeFiles/CMakeTmp/src.cxx'
    check option: ' -Wno-missing-prototypes'
===== BUILD LOG =====
Change Dir: /home/shiven/3rdparty/opencv-4.2.0/build/CMakeFiles/CMakeTmp

Run Build Command(s):/usr/bin/make cmTC_d5864/fast && /usr/bin/make -f CMakeFiles/cmTC_d5864.dir/build.make CMakeFiles/cmTC_d5864.dir/build
make[1]: Entering directory '/home/shiven/3rdparty/opencv-4.2.0/build/CMakeFiles/CMakeTmp'
Building CXX object CMakeFiles/cmTC_d5864.dir/src.cxx.o
/usr/bin/c++    -fsigned-char -W -Wall -Werror=return-type -Werror=non-virtual-dtor -Werror=address -Werror=sequence-point -Wformat -Werror=format-security -Winit-self -Wpointer-arith -Wsign-promo -Winit-self -Wno-delete-non-virtual-dtor -Wno-comment -Wno-strict-overflow -fdiagnostics-show-option -Wno-long-long -pthread -fomit-frame-pointer -ffunction-sections -fdata-sections  -msse -msse2 -msse3 -fvisibility=hidden -fvisibility-inlines-hidden -Wno-shadow -Wno-unused -Wno-sign-compare -Wno-undef -Wno-missing-declarations -Wno-uninitialized -Wno-switch -Wno-parentheses -Wno-array-bounds -Wno-extra -Wno-deprecated-declarations -Wno-misleading-indentation -Wno-deprecated -Wno-suggest-override -Wno-implicit-fallthrough -Wno-tautological-compare  -O3 -DNDEBUG -fPIE    -Wno-missing-prototypes -std=c++11 -o CMakeFiles/cmTC_d5864.dir/src.cxx.o -c /home/shiven/3rdparty/opencv-4.2.0/build/CMakeFiles/CMakeTmp/src.cxx
cc1plus: warning: command line option ‘-Wno-missing-prototypes’ is valid for C/ObjC but not for C++
/home/shiven/3rdparty/opencv-4.2.0/build/CMakeFiles/CMakeTmp/src.cxx:1: warning: ignoring #pragma   [-Wunknown-pragmas]
    1 | #pragma
      | 
Linking CXX executable cmTC_d5864
/usr/bin/cmake -E cmake_link_script CMakeFiles/cmTC_d5864.dir/link.txt --verbose=1
/usr/bin/c++     -fsigned-char -W -Wall -Werror=return-type -Werror=non-virtual-dtor -Werror=address -Werror=sequence-point -Wformat -Werror=format-security -Winit-self -Wpointer-arith -Wsign-promo -Winit-self -Wno-delete-non-virtual-dtor -Wno-comment -Wno-strict-overflow -fdiagnostics-show-option -Wno-long-long -pthread -fomit-frame-pointer -ffunction-sections -fdata-sections  -msse -msse2 -msse3 -fvisibility=hidden -fvisibility-inlines-hidden -Wno-shadow -Wno-unused -Wno-sign-compare -Wno-undef -Wno-missing-declarations -Wno-uninitialized -Wno-switch -Wno-parentheses -Wno-array-bounds -Wno-extra -Wno-deprecated-declarations -Wno-misleading-indentation -Wno-deprecated -Wno-suggest-override -Wno-implicit-fallthrough -Wno-tautological-compare  -O3 -DNDEBUG    -Wl,--gc-sections  CMakeFiles/cmTC_d5864.dir/src.cxx.o  -o cmTC_d5864 
make[1]: Leaving directory '/home/shiven/3rdparty/opencv-4.2.0/build/CMakeFiles/CMakeTmp'


===== END =====

Determining if the function sgemm_ exists failed with the following output:
Change Dir: /home/shiven/3rdparty/opencv-4.2.0/build/CMakeFiles/CMakeTmp

Run Build Command(s):/usr/bin/make cmTC_0084d/fast && /usr/bin/make -f CMakeFiles/cmTC_0084d.dir/build.make CMakeFiles/cmTC_0084d.dir/build
make[1]: Entering directory '/home/shiven/3rdparty/opencv-4.2.0/build/CMakeFiles/CMakeTmp'
Building C object CMakeFiles/cmTC_0084d.dir/CheckFunctionExists.c.o
/usr/bin/cc   -fsigned-char -W -Wall -Werror=return-type -Werror=non-virtual-dtor -Werror=address -Werror=sequence-point -Wformat -Werror=format-security -Wmissing-declarations -Wmissing-prototypes -Wstrict-prototypes -Wundef -Winit-self -Wpointer-arith -Wshadow -Wuninitialized -Winit-self -Wno-comment -Wimplicit-fallthrough=3 -Wno-strict-overflow -fdiagnostics-show-option -Wno-long-long -pthread -fomit-frame-pointer -ffunction-sections -fdata-sections  -msse -msse2 -msse3 -fvisibility=hidden -DCHECK_FUNCTION_EXISTS=sgemm_ -O3 -DNDEBUG -fPIE   -o CMakeFiles/cmTC_0084d.dir/CheckFunctionExists.c.o   -c /usr/share/cmake-3.16/Modules/CheckFunctionExists.c
cc1: warning: ‘-Werror=’ argument ‘-Werror=non-virtual-dtor’ is not valid for C
Linking C executable cmTC_0084d
/usr/bin/cmake -E cmake_link_script CMakeFiles/cmTC_0084d.dir/link.txt --verbose=1
/usr/bin/cc    -fsigned-char -W -Wall -Werror=return-type -Werror=non-virtual-dtor -Werror=address -Werror=sequence-point -Wformat -Werror=format-security -Wmissing-declarations -Wmissing-prototypes -Wstrict-prototypes -Wundef -Winit-self -Wpointer-arith -Wshadow -Wuninitialized -Winit-self -Wno-comment -Wimplicit-fallthrough=3 -Wno-strict-overflow -fdiagnostics-show-option -Wno-long-long -pthread -fomit-frame-pointer -ffunction-sections -fdata-sections  -msse -msse2 -msse3 -fvisibility=hidden -DCHECK_FUNCTION_EXISTS=sgemm_ -O3 -DNDEBUG    -Wl,--gc-sections  CMakeFiles/cmTC_0084d.dir/CheckFunctionExists.c.o  -o cmTC_0084d 
/usr/bin/ld: CMakeFiles/cmTC_0084d.dir/CheckFunctionExists.c.o: in function `main':
CheckFunctionExists.c:(.text.startup.main+0x10): undefined reference to `sgemm_'
collect2: error: ld returned 1 exit status
make[1]: *** [CMakeFiles/cmTC_0084d.dir/build.make:87: cmTC_0084d] Error 1
make[1]: Leaving directory '/home/shiven/3rdparty/opencv-4.2.0/build/CMakeFiles/CMakeTmp'
make: *** [Makefile:121: cmTC_0084d/fast] Error 2



Determining if the function cheev_ exists failed with the following output:
Change Dir: /home/shiven/3rdparty/opencv-4.2.0/build/CMakeFiles/CMakeTmp

Run Build Command(s):/usr/bin/make cmTC_b395b/fast && /usr/bin/make -f CMakeFiles/cmTC_b395b.dir/build.make CMakeFiles/cmTC_b395b.dir/build
make[1]: Entering directory '/home/shiven/3rdparty/opencv-4.2.0/build/CMakeFiles/CMakeTmp'
Building C object CMakeFiles/cmTC_b395b.dir/CheckFunctionExists.c.o
/usr/bin/cc   -fsigned-char -W -Wall -Werror=return-type -Werror=non-virtual-dtor -Werror=address -Werror=sequence-point -Wformat -Werror=format-security -Wmissing-declarations -Wmissing-prototypes -Wstrict-prototypes -Wundef -Winit-self -Wpointer-arith -Wshadow -Wuninitialized -Winit-self -Wno-comment -Wimplicit-fallthrough=3 -Wno-strict-overflow -fdiagnostics-show-option -Wno-long-long -pthread -fomit-frame-pointer -ffunction-sections -fdata-sections  -msse -msse2 -msse3 -fvisibility=hidden -DCHECK_FUNCTION_EXISTS=cheev_ -O3 -DNDEBUG -fPIE   -o CMakeFiles/cmTC_b395b.dir/CheckFunctionExists.c.o   -c /usr/share/cmake-3.16/Modules/CheckFunctionExists.c
cc1: warning: ‘-Werror=’ argument ‘-Werror=non-virtual-dtor’ is not valid for C
Linking C executable cmTC_b395b
/usr/bin/cmake -E cmake_link_script CMakeFiles/cmTC_b395b.dir/link.txt --verbose=1
/usr/bin/cc    -fsigned-char -W -Wall -Werror=return-type -Werror=non-virtual-dtor -Werror=address -Werror=sequence-point -Wformat -Werror=format-security -Wmissing-declarations -Wmissing-prototypes -Wstrict-prototypes -Wundef -Winit-self -Wpointer-arith -Wshadow -Wuninitialized -Winit-self -Wno-comment -Wimplicit-fallthrough=3 -Wno-strict-overflow -fdiagnostics-show-option -Wno-long-long -pthread -fomit-frame-pointer -ffunction-sections -fdata-sections  -msse -msse2 -msse3 -fvisibility=hidden -DCHECK_FUNCTION_EXISTS=cheev_ -O3 -DNDEBUG    -Wl,--gc-sections  CMakeFiles/cmTC_b395b.dir/CheckFunctionExists.c.o  -o cmTC_b395b  /usr/lib/x86_64-linux-gnu/libblas.so 
/usr/bin/ld: CMakeFiles/cmTC_b395b.dir/CheckFunctionExists.c.o: in function `main':
CheckFunctionExists.c:(.text.startup.main+0x10): undefined reference to `cheev_'
collect2: error: ld returned 1 exit status
make[1]: *** [CMakeFiles/cmTC_b395b.dir/build.make:88: cmTC_b395b] Error 1
make[1]: Leaving directory '/home/shiven/3rdparty/opencv-4.2.0/build/CMakeFiles/CMakeTmp'
make: *** [Makefile:121: cmTC_b395b/fast] Error 2



Build output check failed:
    Regex: 'unrecognized .*option'
    Output line: 'cc1plus: warning: unrecognized command line option ‘-Wno-tautological-undefined-compare’'
Compilation failed:
    source file: '/home/shiven/3rdparty/opencv-4.2.0/build/CMakeFiles/CMakeTmp/src.cxx'
    check option: ' -Wno-tautological-undefined-compare'
===== BUILD LOG =====
Change Dir: /home/shiven/3rdparty/opencv-4.2.0/build/CMakeFiles/CMakeTmp

Run Build Command(s):/usr/bin/make cmTC_9c9df/fast && /usr/bin/make -f CMakeFiles/cmTC_9c9df.dir/build.make CMakeFiles/cmTC_9c9df.dir/build
make[1]: Entering directory '/home/shiven/3rdparty/opencv-4.2.0/build/CMakeFiles/CMakeTmp'
Building CXX object CMakeFiles/cmTC_9c9df.dir/src.cxx.o
/usr/bin/c++    -fsigned-char -W -Wall -Werror=return-type -Werror=non-virtual-dtor -Werror=address -Werror=sequence-point -Wformat -Werror=format-security -Winit-self -Wpointer-arith -Wuninitialized -Winit-self -Wsuggest-override -Wno-delete-non-virtual-dtor -Wno-comment -Wimplicit-fallthrough=3 -Wno-strict-overflow -fdiagnostics-show-option -Wno-long-long -pthread -fomit-frame-pointer -ffunction-sections -fdata-sections  -msse -msse2 -msse3 -fvisibility=hidden -fvisibility-inlines-hidden -Wno-deprecated -Wno-missing-declarations -Wno-shadow -Wno-unused-parameter -Wno-unused-local-typedefs -Wno-sign-compare -Wno-sign-promo -Wno-undef  -O3 -DNDEBUG -fPIE    -Wno-tautological-undefined-compare -std=c++11 -o CMakeFiles/cmTC_9c9df.dir/src.cxx.o -c /home/shiven/3rdparty/opencv-4.2.0/build/CMakeFiles/CMakeTmp/src.cxx
/home/shiven/3rdparty/opencv-4.2.0/build/CMakeFiles/CMakeTmp/src.cxx:1: warning: ignoring #pragma   [-Wunknown-pragmas]
    1 | #pragma
      | 
cc1plus: warning: unrecognized command line option ‘-Wno-tautological-undefined-compare’
Linking CXX executable cmTC_9c9df
/usr/bin/cmake -E cmake_link_script CMakeFiles/cmTC_9c9df.dir/link.txt --verbose=1
/usr/bin/c++     -fsigned-char -W -Wall -Werror=return-type -Werror=non-virtual-dtor -Werror=address -Werror=sequence-point -Wformat -Werror=format-security -Winit-self -Wpointer-arith -Wuninitialized -Winit-self -Wsuggest-override -Wno-delete-non-virtual-dtor -Wno-comment -Wimplicit-fallthrough=3 -Wno-strict-overflow -fdiagnostics-show-option -Wno-long-long -pthread -fomit-frame-pointer -ffunction-sections -fdata-sections  -msse -msse2 -msse3 -fvisibility=hidden -fvisibility-inlines-hidden -Wno-deprecated -Wno-missing-declarations -Wno-shadow -Wno-unused-parameter -Wno-unused-local-typedefs -Wno-sign-compare -Wno-sign-promo -Wno-undef  -O3 -DNDEBUG    -Wl,--gc-sections  CMakeFiles/cmTC_9c9df.dir/src.cxx.o  -o cmTC_9c9df 
make[1]: Leaving directory '/home/shiven/3rdparty/opencv-4.2.0/build/CMakeFiles/CMakeTmp'


===== END =====

Build output check failed:
    Regex: 'unrecognized .*option'
    Output line: 'cc1plus: warning: unrecognized command line option ‘-Wno-shorten-64-to-32’'
Compilation failed:
    source file: '/home/shiven/3rdparty/opencv-4.2.0/build/CMakeFiles/CMakeTmp/src.cxx'
    check option: ' -Wno-shorten-64-to-32'
===== BUILD LOG =====
Change Dir: /home/shiven/3rdparty/opencv-4.2.0/build/CMakeFiles/CMakeTmp

Run Build Command(s):/usr/bin/make cmTC_1e715/fast && /usr/bin/make -f CMakeFiles/cmTC_1e715.dir/build.make CMakeFiles/cmTC_1e715.dir/build
make[1]: Entering directory '/home/shiven/3rdparty/opencv-4.2.0/build/CMakeFiles/CMakeTmp'
Building CXX object CMakeFiles/cmTC_1e715.dir/src.cxx.o
/usr/bin/c++    -fsigned-char -W -Wall -Werror=return-type -Werror=non-virtual-dtor -Werror=address -Werror=sequence-point -Wformat -Werror=format-security -Winit-self -Wpointer-arith -Wuninitialized -Winit-self -Wsuggest-override -Wno-delete-non-virtual-dtor -Wno-comment -Wimplicit-fallthrough=3 -Wno-strict-overflow -fdiagnostics-show-option -Wno-long-long -pthread -fomit-frame-pointer -ffunction-sections -fdata-sections  -msse -msse2 -msse3 -fvisibility=hidden -fvisibility-inlines-hidden -Wno-deprecated -Wno-missing-declarations -Wno-shadow -Wno-unused-parameter -Wno-unused-local-typedefs -Wno-sign-compare -Wno-sign-promo -Wno-undef -Wno-ignored-qualifiers -Wno-extra -Wno-unused-function -Wno-unused-const-variable  -O3 -DNDEBUG -fPIE    -Wno-shorten-64-to-32 -std=c++11 -o CMakeFiles/cmTC_1e715.dir/src.cxx.o -c /home/shiven/3rdparty/opencv-4.2.0/build/CMakeFiles/CMakeTmp/src.cxx
/home/shiven/3rdparty/opencv-4.2.0/build/CMakeFiles/CMakeTmp/src.cxx:1: warning: ignoring #pragma   [-Wunknown-pragmas]
    1 | #pragma
      | 
cc1plus: warning: unrecognized command line option ‘-Wno-shorten-64-to-32’
Linking CXX executable cmTC_1e715
/usr/bin/cmake -E cmake_link_script CMakeFiles/cmTC_1e715.dir/link.txt --verbose=1
/usr/bin/c++     -fsigned-char -W -Wall -Werror=return-type -Werror=non-virtual-dtor -Werror=address -Werror=sequence-point -Wformat -Werror=format-security -Winit-self -Wpointer-arith -Wuninitialized -Winit-self -Wsuggest-override -Wno-delete-non-virtual-dtor -Wno-comment -Wimplicit-fallthrough=3 -Wno-strict-overflow -fdiagnostics-show-option -Wno-long-long -pthread -fomit-frame-pointer -ffunction-sections -fdata-sections  -msse -msse2 -msse3 -fvisibility=hidden -fvisibility-inlines-hidden -Wno-deprecated -Wno-missing-declarations -Wno-shadow -Wno-unused-parameter -Wno-unused-local-typedefs -Wno-sign-compare -Wno-sign-promo -Wno-undef -Wno-ignored-qualifiers -Wno-extra -Wno-unused-function -Wno-unused-const-variable  -O3 -DNDEBUG    -Wl,--gc-sections  CMakeFiles/cmTC_1e715.dir/src.cxx.o  -o cmTC_1e715 
make[1]: Leaving directory '/home/shiven/3rdparty/opencv-4.2.0/build/CMakeFiles/CMakeTmp'


===== END =====

Build output check failed:
    Regex: 'unrecognized .*option'
    Output line: 'cc1plus: warning: unrecognized command line option ‘-Wno-enum-compare-switch’'
Compilation failed:
    source file: '/home/shiven/3rdparty/opencv-4.2.0/build/CMakeFiles/CMakeTmp/src.cxx'
    check option: ' -Wno-enum-compare-switch'
===== BUILD LOG =====
Change Dir: /home/shiven/3rdparty/opencv-4.2.0/build/CMakeFiles/CMakeTmp

Run Build Command(s):/usr/bin/make cmTC_e321d/fast && /usr/bin/make -f CMakeFiles/cmTC_e321d.dir/build.make CMakeFiles/cmTC_e321d.dir/build
make[1]: Entering directory '/home/shiven/3rdparty/opencv-4.2.0/build/CMakeFiles/CMakeTmp'
Building CXX object CMakeFiles/cmTC_e321d.dir/src.cxx.o
/usr/bin/c++    -fsigned-char -W -Wall -Werror=return-type -Werror=non-virtual-dtor -Werror=address -Werror=sequence-point -Wformat -Werror=format-security -Winit-self -Wpointer-arith -Wuninitialized -Winit-self -Wsuggest-override -Wno-delete-non-virtual-dtor -Wno-comment -Wimplicit-fallthrough=3 -Wno-strict-overflow -fdiagnostics-show-option -Wno-long-long -pthread -fomit-frame-pointer -ffunction-sections -fdata-sections  -msse -msse2 -msse3 -fvisibility=hidden -fvisibility-inlines-hidden -Wno-deprecated -Wno-missing-declarations -Wno-shadow -Wno-unused-parameter -Wno-unused-local-typedefs -Wno-sign-compare -Wno-sign-promo -Wno-undef -Wno-ignored-qualifiers -Wno-extra -Wno-unused-function -Wno-unused-const-variable -Wno-invalid-offsetof  -O3 -DNDEBUG -fPIE    -Wno-enum-compare-switch -std=c++11 -o CMakeFiles/cmTC_e321d.dir/src.cxx.o -c /home/shiven/3rdparty/opencv-4.2.0/build/CMakeFiles/CMakeTmp/src.cxx
/home/shiven/3rdparty/opencv-4.2.0/build/CMakeFiles/CMakeTmp/src.cxx:1: warning: ignoring #pragma   [-Wunknown-pragmas]
    1 | #pragma
      | 
cc1plus: warning: unrecognized command line option ‘-Wno-enum-compare-switch’
Linking CXX executable cmTC_e321d
/usr/bin/cmake -E cmake_link_script CMakeFiles/cmTC_e321d.dir/link.txt --verbose=1
/usr/bin/c++     -fsigned-char -W -Wall -Werror=return-type -Werror=non-virtual-dtor -Werror=address -Werror=sequence-point -Wformat -Werror=format-security -Winit-self -Wpointer-arith -Wuninitialized -Winit-self -Wsuggest-override -Wno-delete-non-virtual-dtor -Wno-comment -Wimplicit-fallthrough=3 -Wno-strict-overflow -fdiagnostics-show-option -Wno-long-long -pthread -fomit-frame-pointer -ffunction-sections -fdata-sections  -msse -msse2 -msse3 -fvisibility=hidden -fvisibility-inlines-hidden -Wno-deprecated -Wno-missing-declarations -Wno-shadow -Wno-unused-parameter -Wno-unused-local-typedefs -Wno-sign-compare -Wno-sign-promo -Wno-undef -Wno-ignored-qualifiers -Wno-extra -Wno-unused-function -Wno-unused-const-variable -Wno-invalid-offsetof  -O3 -DNDEBUG    -Wl,--gc-sections  CMakeFiles/cmTC_e321d.dir/src.cxx.o  -o cmTC_e321d 
make[1]: Leaving directory '/home/shiven/3rdparty/opencv-4.2.0/build/CMakeFiles/CMakeTmp'


===== END =====

Determining if the include file sys/videoio.h exists failed with the following output:
Change Dir: /home/shiven/3rdparty/opencv-4.2.0/build/CMakeFiles/CMakeTmp

Run Build Command(s):/usr/bin/make cmTC_9a5a6/fast && /usr/bin/make -f CMakeFiles/cmTC_9a5a6.dir/build.make CMakeFiles/cmTC_9a5a6.dir/build
make[1]: Entering directory '/home/shiven/3rdparty/opencv-4.2.0/build/CMakeFiles/CMakeTmp'
Building C object CMakeFiles/cmTC_9a5a6.dir/CheckIncludeFile.c.o
/usr/bin/cc   -fsigned-char -W -Wall -Werror=return-type -Werror=non-virtual-dtor -Werror=address -Werror=sequence-point -Wformat -Werror=format-security -Wmissing-declarations -Wmissing-prototypes -Wstrict-prototypes -Wundef -Winit-self -Wpointer-arith -Wshadow -Wuninitialized -Winit-self -Wno-comment -Wimplicit-fallthrough=3 -Wno-strict-overflow -fdiagnostics-show-option -Wno-long-long -pthread -fomit-frame-pointer -ffunction-sections -fdata-sections  -msse -msse2 -msse3 -fvisibility=hidden  -O3 -DNDEBUG -fPIE   -o CMakeFiles/cmTC_9a5a6.dir/CheckIncludeFile.c.o   -c /home/shiven/3rdparty/opencv-4.2.0/build/CMakeFiles/CMakeTmp/CheckIncludeFile.c
cc1: warning: ‘-Werror=’ argument ‘-Werror=non-virtual-dtor’ is not valid for C
/home/shiven/3rdparty/opencv-4.2.0/build/CMakeFiles/CMakeTmp/CheckIncludeFile.c:1:10: fatal error: sys/videoio.h: No such file or directory
    1 | #include <sys/videoio.h>
      |          ^~~~~~~~~~~~~~~
compilation terminated.
make[1]: *** [CMakeFiles/cmTC_9a5a6.dir/build.make:66: CMakeFiles/cmTC_9a5a6.dir/CheckIncludeFile.c.o] Error 1
make[1]: Leaving directory '/home/shiven/3rdparty/opencv-4.2.0/build/CMakeFiles/CMakeTmp'
make: *** [Makefile:121: cmTC_9a5a6/fast] Error 2



Build output check failed:
    Regex: 'unrecognized .*option'
    Output line: 'cc1plus: warning: unrecognized command line option ‘-Wno-unused-private-field’'
Compilation failed:
    source file: '/home/shiven/3rdparty/opencv-4.2.0/build/CMakeFiles/CMakeTmp/src.cxx'
    check option: ' -Wno-unused-private-field'
===== BUILD LOG =====
Change Dir: /home/shiven/3rdparty/opencv-4.2.0/build/CMakeFiles/CMakeTmp

Run Build Command(s):/usr/bin/make cmTC_43f90/fast && /usr/bin/make -f CMakeFiles/cmTC_43f90.dir/build.make CMakeFiles/cmTC_43f90.dir/build
make[1]: Entering directory '/home/shiven/3rdparty/opencv-4.2.0/build/CMakeFiles/CMakeTmp'
Building CXX object CMakeFiles/cmTC_43f90.dir/src.cxx.o
/usr/bin/c++    -fsigned-char -W -Wall -Werror=return-type -Werror=non-virtual-dtor -Werror=address -Werror=sequence-point -Wformat -Werror=format-security -Wmissing-declarations -Wundef -Winit-self -Wpointer-arith -Wshadow -Wsign-promo -Wuninitialized -Winit-self -Wsuggest-override -Wno-delete-non-virtual-dtor -Wno-comment -Wimplicit-fallthrough=3 -Wno-strict-overflow -fdiagnostics-show-option -Wno-long-long -pthread -fomit-frame-pointer -ffunction-sections -fdata-sections  -msse -msse2 -msse3 -fvisibility=hidden -fvisibility-inlines-hidden -Wno-unused-function -Wno-deprecated-declarations -Wno-overloaded-virtual  -O3 -DNDEBUG -fPIE    -Wno-unused-private-field -std=c++11 -o CMakeFiles/cmTC_43f90.dir/src.cxx.o -c /home/shiven/3rdparty/opencv-4.2.0/build/CMakeFiles/CMakeTmp/src.cxx
/home/shiven/3rdparty/opencv-4.2.0/build/CMakeFiles/CMakeTmp/src.cxx:1: warning: ignoring #pragma   [-Wunknown-pragmas]
    1 | #pragma
      | 
cc1plus: warning: unrecognized command line option ‘-Wno-unused-private-field’
Linking CXX executable cmTC_43f90
/usr/bin/cmake -E cmake_link_script CMakeFiles/cmTC_43f90.dir/link.txt --verbose=1
/usr/bin/c++     -fsigned-char -W -Wall -Werror=return-type -Werror=non-virtual-dtor -Werror=address -Werror=sequence-point -Wformat -Werror=format-security -Wmissing-declarations -Wundef -Winit-self -Wpointer-arith -Wshadow -Wsign-promo -Wuninitialized -Winit-self -Wsuggest-override -Wno-delete-non-virtual-dtor -Wno-comment -Wimplicit-fallthrough=3 -Wno-strict-overflow -fdiagnostics-show-option -Wno-long-long -pthread -fomit-frame-pointer -ffunction-sections -fdata-sections  -msse -msse2 -msse3 -fvisibility=hidden -fvisibility-inlines-hidden -Wno-unused-function -Wno-deprecated-declarations -Wno-overloaded-virtual  -O3 -DNDEBUG    -Wl,--gc-sections  CMakeFiles/cmTC_43f90.dir/src.cxx.o  -o cmTC_43f90 
make[1]: Leaving directory '/home/shiven/3rdparty/opencv-4.2.0/build/CMakeFiles/CMakeTmp'


===== END =====

